c:\users\neo\desktop\sweden doc\sdlqbert\debug\vc141.pdb
c:\users\neo\desktop\sweden doc\sdlqbert\debug\vc141.idb
c:\users\neo\desktop\sweden doc\sdlqbert\debug\screenmanager.obj
c:\users\neo\desktop\sweden doc\sdlqbert\debug\scoreboard.obj
c:\users\neo\desktop\sweden doc\sdlqbert\debug\playsidebar.obj
c:\users\neo\desktop\sweden doc\sdlqbert\debug\playscreen.obj
c:\users\neo\desktop\sweden doc\sdlqbert\debug\playersidebar.obj
c:\users\neo\desktop\sweden doc\sdlqbert\debug\player.obj
c:\users\neo\desktop\sweden doc\sdlqbert\debug\main.obj
c:\users\neo\desktop\sweden doc\sdlqbert\debug\level.obj
c:\users\neo\desktop\sweden doc\sdlqbert\debug\inputmanager.obj
c:\users\neo\desktop\sweden doc\sdlqbert\debug\greenball.obj
c:\users\neo\desktop\sweden doc\sdlqbert\debug\graphics.obj
c:\users\neo\desktop\sweden doc\sdlqbert\debug\gamemanager.obj
c:\users\neo\desktop\sweden doc\sdlqbert\debug\gameentity.obj
c:\users\neo\desktop\sweden doc\sdlqbert\debug\disk.obj
c:\users\neo\desktop\sweden doc\sdlqbert\debug\cube.obj
c:\users\neo\desktop\sweden doc\sdlqbert\debug\coily.obj
c:\users\neo\desktop\sweden doc\sdlqbert\debug\ball.obj
c:\users\neo\desktop\sweden doc\sdlqbert\debug\audiomanager.obj
c:\users\neo\desktop\sweden doc\sdlqbert\debug\assetmanager.obj
c:\users\neo\desktop\sweden doc\sdlqbert\debug\animatedtexture.obj
c:\users\neo\desktop\sweden doc\sdlqbert\debug\timer.obj
c:\users\neo\desktop\sweden doc\sdlqbert\debug\texture.obj
c:\users\neo\desktop\sweden doc\sdlqbert\debug\startscreen.obj
c:\users\neo\desktop\sdlqbert\debug\vc141.pdb
c:\users\neo\desktop\sdlqbert\debug\vc141.idb
c:\users\neo\desktop\sdlqbert\debug\screenmanager.obj
c:\users\neo\desktop\sdlqbert\debug\scoreboard.obj
c:\users\neo\desktop\sdlqbert\debug\playsidebar.obj
c:\users\neo\desktop\sdlqbert\debug\playscreen.obj
c:\users\neo\desktop\sdlqbert\debug\playersidebar.obj
c:\users\neo\desktop\sdlqbert\debug\player.obj
c:\users\neo\desktop\sdlqbert\debug\main.obj
c:\users\neo\desktop\sdlqbert\debug\level.obj
c:\users\neo\desktop\sdlqbert\debug\inputmanager.obj
c:\users\neo\desktop\sdlqbert\debug\greenball.obj
c:\users\neo\desktop\sdlqbert\debug\graphics.obj
c:\users\neo\desktop\sdlqbert\debug\gamemanager.obj
c:\users\neo\desktop\sdlqbert\debug\gameentity.obj
c:\users\neo\desktop\sdlqbert\debug\disk.obj
c:\users\neo\desktop\sdlqbert\debug\cube.obj
c:\users\neo\desktop\sdlqbert\debug\coily.obj
c:\users\neo\desktop\sdlqbert\debug\ball.obj
c:\users\neo\desktop\sdlqbert\debug\audiomanager.obj
c:\users\neo\desktop\sdlqbert\debug\assetmanager.obj
c:\users\neo\desktop\sdlqbert\debug\animatedtexture.obj
c:\users\neo\desktop\sdlqbert\debug\timer.obj
c:\users\neo\desktop\sdlqbert\debug\texture.obj
c:\users\neo\desktop\sdlqbert\debug\startscreen.obj
c:\users\neo\desktop\sdlqbert\debug\vc142.pdb
c:\users\neo\desktop\sdlqbert\debug\vc142.idb
c:\users\neo\desktop\sweden doc\sdlqbert\debug\sdlqbert.ilk
c:\users\neo\desktop\sweden doc\sdlqbert\debug\sdlqbert.exe
c:\users\neo\desktop\sweden doc\sdlqbert\debug\sdlqbert.pdb
c:\users\neo\desktop\sdlqbert\debug\sdlqbert.exe
c:\users\neo\desktop\sdlqbert\debug\sdlqbert.ilk
c:\users\neo\desktop\sdlqbert\debug\sdlqbert.pdb
c:\users\neo\desktop\sdlqbert\debug\player.new.obj.enc
c:\users\neo\desktop\sdlqbert\debug\sdlqbert.tlog\cl.command.1.tlog
c:\users\neo\desktop\sdlqbert\debug\sdlqbert.tlog\cl.read.1.tlog
c:\users\neo\desktop\sdlqbert\debug\sdlqbert.tlog\cl.write.1.tlog
c:\users\neo\desktop\sdlqbert\debug\sdlqbert.tlog\link.command.1.tlog
c:\users\neo\desktop\sdlqbert\debug\sdlqbert.tlog\link.read.1.tlog
c:\users\neo\desktop\sdlqbert\debug\sdlqbert.tlog\link.write.1.tlog
